[    0.000000] Initializing cgroup subsys cpuset
[    0.000000] Initializing cgroup subsys cpu
[    0.000000] Initializing cgroup subsys cpuacct
[    0.000000] Linux version 4.4.0-75-generic (buildd@lgw01-21) (gcc version 5.4.0 20160609 (Ubuntu 5.4.0-6ubuntu1~16.04.4) ) #96-Ubuntu SMP Thu Apr 20 09:56:33 UTC 2017 (Ubuntu 4.4.0-75.96-generic 4.4.59)
[    0.000000] Command line: BOOT_IMAGE=/boot/vmlinuz-4.4.0-75-generic root=LABEL=cloudimg-rootfs ro console=tty1 console=ttyS0
[    0.000000] KERNEL supported cpus:
[    0.000000]   Intel GenuineIntel
[    0.000000]   AMD AuthenticAMD
[    0.000000]   Centaur CentaurHauls
[    0.000000] x86/fpu: xstate_offset[2]:  576, xstate_sizes[2]:  256
[    0.000000] x86/fpu: Supporting XSAVE feature 0x01: 'x87 floating point registers'
[    0.000000] x86/fpu: Supporting XSAVE feature 0x02: 'SSE registers'
[    0.000000] x86/fpu: Supporting XSAVE feature 0x04: 'AVX registers'
[    0.000000] x86/fpu: Enabled xstate features 0x7, context size is 832 bytes, using 'standard' format.
[    0.000000] x86/fpu: Using 'lazy' FPU context switches.
[    0.000000] e820: BIOS-provided physical RAM map:
[    0.000000] BIOS-e820: [mem 0x0000000000000000-0x000000000009fbff] usable
[    0.000000] BIOS-e820: [mem 0x000000000009fc00-0x000000000009ffff] reserved
[    0.000000] BIOS-e820: [mem 0x00000000000f0000-0x00000000000fffff] reserved
[    0.000000] BIOS-e820: [mem 0x0000000000100000-0x000000003ffeffff] usable
[    0.000000] BIOS-e820: [mem 0x000000003fff0000-0x000000003fffffff] ACPI data
[    0.000000] BIOS-e820: [mem 0x00000000fec00000-0x00000000fec00fff] reserved
[    0.000000] BIOS-e820: [mem 0x00000000fee00000-0x00000000fee00fff] reserved
[    0.000000] BIOS-e820: [mem 0x00000000fffc0000-0x00000000ffffffff] reserved
[    0.000000] NX (Execute Disable) protection: active
[    0.000000] SMBIOS 2.5 present.
[    0.000000] Hypervisor detected: KVM
[    0.000000] e820: last_pfn = 0x3fff0 max_arch_pfn = 0x400000000
[    0.000000] MTRR: Disabled
[    0.000000] x86/PAT: MTRRs disabled, skipping PAT initialization too.
[    0.000000] x86/PAT: Configuration [0-7]: WB  WT  UC- UC  WB  WT  UC- UC  
[    0.000000] CPU MTRRs all blank - virtualized system.
[    0.000000] found SMP MP-table at [mem 0x0009fff0-0x0009ffff] mapped at [ffff88000009fff0]
[    0.000000] Scanning 1 areas for low memory corruption
[    0.000000] RAMDISK: [mem 0x36ae2000-0x37568fff]
[    0.000000] ACPI: Early table checksum verification disabled
[    0.000000] ACPI: RSDP 0x00000000000E0000 000024 (v02 VBOX  )
[    0.000000] ACPI: XSDT 0x000000003FFF0030 00003C (v01 VBOX   VBOXXSDT 00000001 ASL  00000061)
[    0.000000] ACPI: FACP 0x000000003FFF00F0 0000F4 (v04 VBOX   VBOXFACP 00000001 ASL  00000061)
[    0.000000] ACPI: DSDT 0x000000003FFF0470 0021C8 (v02 VBOX   VBOXBIOS 00000002 INTL 20160108)
[    0.000000] ACPI: FACS 0x000000003FFF0200 000040
[    0.000000] ACPI: FACS 0x000000003FFF0200 000040
[    0.000000] ACPI: APIC 0x000000003FFF0240 00005C (v02 VBOX   VBOXAPIC 00000001 ASL  00000061)
[    0.000000] ACPI: SSDT 0x000000003FFF02A0 0001CC (v01 VBOX   VBOXCPUT 00000002 INTL 20160108)
[    0.000000] No NUMA configuration found
[    0.000000] Faking a node at [mem 0x0000000000000000-0x000000003ffeffff]
[    0.000000] NODE_DATA(0) allocated [mem 0x3ffeb000-0x3ffeffff]
[    0.000000] kvm-clock: Using msrs 4b564d01 and 4b564d00
[    0.000000] kvm-clock: cpu 0, msr 0:3ffe3001, primary cpu clock
[    0.000000] kvm-clock: using sched offset of 3660468591 cycles
[    0.000000] clocksource: kvm-clock: mask: 0xffffffffffffffff max_cycles: 0x1cd42e4dffb, max_idle_ns: 881590591483 ns
[    0.000000] Zone ranges:
[    0.000000]   DMA      [mem 0x0000000000001000-0x0000000000ffffff]
[    0.000000]   DMA32    [mem 0x0000000001000000-0x000000003ffeffff]
[    0.000000]   Normal   empty
[    0.000000]   Device   empty
[    0.000000] Movable zone start for each node
[    0.000000] Early memory node ranges
[    0.000000]   node   0: [mem 0x0000000000001000-0x000000000009efff]
[    0.000000]   node   0: [mem 0x0000000000100000-0x000000003ffeffff]
[    0.000000] Initmem setup node 0 [mem 0x0000000000001000-0x000000003ffeffff]
[    0.000000] ACPI: PM-Timer IO Port: 0x4008
[    0.000000] IOAPIC[0]: apic_id 2, version 32, address 0xfec00000, GSI 0-23
[    0.000000] ACPI: INT_SRC_OVR (bus 0 bus_irq 0 global_irq 2 dfl dfl)
[    0.000000] ACPI: INT_SRC_OVR (bus 0 bus_irq 9 global_irq 9 high level)
[    0.000000] Using ACPI (MADT) for SMP configuration information
[    0.000000] smpboot: Allowing 2 CPUs, 0 hotplug CPUs
[    0.000000] PM: Registered nosave memory: [mem 0x00000000-0x00000fff]
[    0.000000] PM: Registered nosave memory: [mem 0x0009f000-0x0009ffff]
[    0.000000] PM: Registered nosave memory: [mem 0x000a0000-0x000effff]
[    0.000000] PM: Registered nosave memory: [mem 0x000f0000-0x000fffff]
[    0.000000] e820: [mem 0x40000000-0xfebfffff] available for PCI devices
[    0.000000] Booting paravirtualized kernel on KVM
[    0.000000] clocksource: refined-jiffies: mask: 0xffffffff max_cycles: 0xffffffff, max_idle_ns: 7645519600211568 ns
[    0.000000] setup_percpu: NR_CPUS:512 nr_cpumask_bits:512 nr_cpu_ids:2 nr_node_ids:1
[    0.000000] PERCPU: Embedded 33 pages/cpu @ffff88003fc00000 s98264 r8192 d28712 u1048576
[    0.000000] PV qspinlock hash table entries: 256 (order: 0, 4096 bytes)
[    0.000000] Built 1 zonelists in Node order, mobility grouping on.  Total pages: 257913
[    0.000000] Policy zone: DMA32
[    0.000000] Kernel command line: BOOT_IMAGE=/boot/vmlinuz-4.4.0-75-generic root=LABEL=cloudimg-rootfs ro console=tty1 console=ttyS0
[    0.000000] PID hash table entries: 4096 (order: 3, 32768 bytes)
[    0.000000] Memory: 1001800K/1048120K available (8449K kernel code, 1294K rwdata, 3980K rodata, 1484K init, 1316K bss, 46320K reserved, 0K cma-reserved)
[    0.000000] SLUB: HWalign=64, Order=0-3, MinObjects=0, CPUs=2, Nodes=1
[    0.000000] Hierarchical RCU implementation.
[    0.000000] 	Build-time adjustment of leaf fanout to 64.
[    0.000000] 	RCU restricting CPUs from NR_CPUS=512 to nr_cpu_ids=2.
[    0.000000] RCU: Adjusting geometry for rcu_fanout_leaf=64, nr_cpu_ids=2
[    0.000000] NR_IRQS:33024 nr_irqs:440 16
[    0.000000] Console: colour VGA+ 80x25
[    0.000000] console [tty1] enabled
[    0.000000] console [ttyS0] enabled
[    0.000000] tsc: Detected 2494.192 MHz processor
[    1.051879] Calibrating delay loop (skipped) preset value.. 4988.38 BogoMIPS (lpj=9976768)
[    1.053085] pid_max: default: 32768 minimum: 301
[    1.053731] ACPI: Core revision 20150930
[    1.055060] ACPI: 2 ACPI AML tables successfully acquired and loaded
[    1.056000] Security Framework initialized
[    1.056579] Yama: becoming mindful.
[    1.057110] AppArmor: AppArmor initialized
[    1.057776] Dentry cache hash table entries: 131072 (order: 8, 1048576 bytes)
[    1.058803] Inode-cache hash table entries: 65536 (order: 7, 524288 bytes)
[    1.060092] Mount-cache hash table entries: 2048 (order: 2, 16384 bytes)
[    1.060913] Mountpoint-cache hash table entries: 2048 (order: 2, 16384 bytes)
[    1.061881] Initializing cgroup subsys io
[    1.062505] Initializing cgroup subsys memory
[    1.063131] Initializing cgroup subsys devices
[    1.063865] Initializing cgroup subsys freezer
[    1.064470] Initializing cgroup subsys net_cls
[    1.065081] Initializing cgroup subsys perf_event
[    1.065712] Initializing cgroup subsys net_prio
[    1.066324] Initializing cgroup subsys hugetlb
[    1.138294] Initializing cgroup subsys pids
[    1.140022] CPU: Physical Processor ID: 0
[    1.140593] CPU: Processor Core ID: 0
[    1.141927] mce: CPU supports 0 MCE banks
[    1.142531] Last level iTLB entries: 4KB 1024, 2MB 1024, 4MB 1024
[    1.143335] Last level dTLB entries: 4KB 1024, 2MB 1024, 4MB 1024, 1GB 4
[    1.145629] Freeing SMP alternatives memory: 32K (ffffffff820b8000 - ffffffff820c0000)
[    1.153090] ftrace: allocating 32117 entries in 126 pages
[    1.255415] smpboot: APIC(0) Converting physical 0 to logical package 0
[    1.667800] smpboot: Max logical packages: 1
[    1.766354] x2apic enabled
[    1.767083] Switched APIC routing to physical x2apic.
[    1.768859] ..TIMER: vector=0x30 apic1=0 pin1=2 apic2=-1 pin2=-1
[    1.875378] smpboot: CPU0: Intel(R) Core(TM) i7-4710HQ CPU @ 2.50GHz (family: 0x6, model: 0x3c, stepping: 0x3)
[    2.313445] Performance Events: unsupported p6 CPU model 60 no PMU driver, software events only.
[    2.814211] KVM setup paravirtual spinlock
[    2.815495] x86: Booting SMP configuration:
[    3.021694] .... node  #0, CPUs:      #1
[    3.277836] kvm-clock: cpu 1, msr 0:3ffe3041, seoondary cpu clock
[    3.874452] mce: CPU supports 0 MCE banks
[    3.881610] x86: Booted up 1 node, 2 CPUs
[    4.186336] smpboot: Total of 2 processors activated (9976.76 BogoMIPS)
[    4.576186] devtmpfs: initialized
[    4.580841] evm: security.selinux
[    4.582538] evm: security.SMACK64
[    4.584196] evm: security.SMACK64EXEC
[    4.584793] evm: security.SMACK64TRANSMUTE
[    4.585501] evm: security.SMACK64MMAP
[    4.586118] evm: security.ima
[    4.586654] evm: security.capability
[    4.587467] clocksource: jiffies: mask: 0xffffffff max_cycles: 0xffffffff, max_idle_ns: 7645041785100000 ns
[    4.591307] futex hash table entries: 512 (order: 3, 32768 bytes)
[    4.592309] pinctrl core: initialized pinctrl subsystem
[    4.594394] RTC time: 10:50:53, date: 05/01/17
[    4.595628] NET: Registered protocol family 16
[    4.607370] cpuidle: using governor ladder
[    4.619634] cpuidle: using governor menu
[    4.674563] PCCT header not found.
[    4.675193] ACPI: bus type PCI registered
[    4.675909] acpiphp: ACPI Hot Plug PCI Controller Driver version: 0.5
[    4.676942] PCI: Using configuration type 1 for base access
[    4.691706] ACPI: Added _OSI(Module Device)
[    4.696204] ACPI: Added _OSI(Processor Device)
[    4.696907] ACPI: Added _OSI(3.0 _SCP Extensions)
[    4.697644] ACPI: Added _OSI(Processor Aggregator Device)
[    4.698996] ACPI: Executed 1 blocks of module-level executable AML code
[    4.702595] ACPI: Interpreter enabled
[    4.704288] ACPI: (supports S0 S5)
[    4.704882] ACPI: Using IOAPIC for interrupt routing
[    4.705820] PCI: Using host bridge windows from ACPI; if necessary, use "pci=nocrs" and report a bug
[    4.715325] ACPI: PCI Root Bridge [PCI0] (domain 0000 [bus 00-ff])
[    4.781196] acpi PNP0A03:00: _OSC: OS supports [ASPM ClockPM Segments MSI]
[    4.782355] acpi PNP0A03:00: _OSC failed (AE_NOT_FOUND); disabling ASPM
[    4.783480] acpi PNP0A03:00: fail to add MMCONFIG information, can't access extended PCI configuration space under this bridge.
[    4.785620] PCI host bridge to bus 0000:00
[    4.787825] pci_bus 0000:00: root bus resource [io  0x0000-0x0cf7 window]
[    4.788911] pci_bus 0000:00: root bus resource [io  0x0d00-0xffff window]
[    4.790009] pci_bus 0000:00: root bus resource [mem 0x000a0000-0x000bffff window]
[    4.791369] pci_bus 0000:00: root bus resource [mem 0x40000000-0xffdfffff window]
[    4.792723] pci_bus 0000:00: root bus resource [bus 00-ff]
[    4.794852] pci 0000:00:01.1: legacy IDE quirk: reg 0x10: [io  0x01f0-0x01f7]
[    4.797040] pci 0000:00:01.1: legacy IDE quirk: reg 0x14: [io  0x03f6]
[    5.191803] pci 0000:00:01.1: legacy IDE quirk: reg 0x18: [io  0x0170-0x0177]
[    5.406397] pci 0000:00:01.1: legacy IDE quirk: reg 0x1c: [io  0x0376]
[    5.423052] pci 0000:00:07.0: quirk: [io  0x4000-0x403f] claimed by PIIX4 ACPI
[    5.815661] pci 0000:00:07.0: quirk: [io  0x4100-0x410f] claimed by PIIX4 SMB
[    5.825480] ACPI: PCI Interrupt Link [LNKA] (IRQs 5 9 10 *11)
[    6.035821] ACPI: PCI Interrupt Link [LNKB] (IRQs 5 9 10 *11)
[    6.331347] ACPI: PCI Interrupt Link [LNKC] (IRQs 5 9 *10 11)
[    6.529296] ACPI: PCI Interrupt Link [LNKD] (IRQs 5 *9 10 11)
[    6.856323] ACPI: Enabled 2 GPEs in block 00 to 07
[    7.043423] vgaarb: setting as boot device: PCI:0000:00:02.0
[    7.044228] vgaarb: device added: PCI:0000:00:02.0,decodes=io+mem,owns=io+mem,locks=none
[    7.045379] vgaarb: loaded
[    7.045846] vgaarb: bridge control possible 0000:00:02.0
[    7.047832] SCSI subsystem initialized
[    7.048517] ACPI: bus type USB registered
[    7.049143] usbcore: registered new interface driver usbfs
[    7.066197] usbcore: registered new interface driver hub
[    7.068080] usbcore: registered new device driver usb
[    7.070155] PCI: Using ACPI for IRQ routing
[    7.071051] NetLabel: Initializing
[    7.350078] NetLabel:  domain hash size = 128
[    7.463075] NetLabel:  protocols = UNLABELED CIPSOv4
[    7.463884] NetLabel:  unlabeled traffic allowed by default
[    7.464888] amd_nb: Cannot enumerate AMD northbridges
[    7.465696] clocksource: Switched to clocksource kvm-clock
[    7.472425] AppArmor: AppArmor Filesystem Enabled
[    7.479892] pnp: PnP ACPI init
[    7.480972] pnp: PnP ACPI: found 3 devices
[    7.490240] clocksource: acpi_pm: mask: 0xffffff max_cycles: 0xffffff, max_idle_ns: 2085701024 ns
[    7.578749] NET: Registered protocol family 2
[    7.579641] TCP established hash table entries: 8192 (order: 4, 65536 bytes)
[    7.580589] TCP bind hash table entries: 8192 (order: 5, 131072 bytes)
[    7.581405] TCP: Hash tables configured (established 8192 bind 8192)
[    7.582249] UDP hash table entries: 512 (order: 2, 16384 bytes)
[    7.583092] UDP-Lite hash table entries: 512 (order: 2, 16384 bytes)
[    7.771419] NET: Registered protocol family 1
[    7.774347] pci 0000:00:00.0: Limiting direct PCI/PCI transfers
[    7.775266] pci 0000:00:01.0: Activating ISA DMA hang workarounds
[    7.776642] Unpacking initramfs...
[   10.370080] Freeing initrd memory: 10780K (ffff880036ae2000 - ffff880037569000)
[   10.414787] RAPL PMU detected, API unit is 2^-32 Joules, 4 fixed counters 10737418240 ms ovfl timer
[   10.417293] hw unit of domain pp0-core 2^-0 Joules
[   10.418063] hw unit of domain package 2^-0 Joules
[   10.418823] hw unit of domain dram 2^-0 Joules
[   10.419508] hw unit of domain pp1-gpu 2^-0 Joules
[   10.420378] platform rtc_cmos: registered platform RTC device (no PNP device found)
[   10.421633] Scanning for low memory corruption every 60 seconds
[   10.423003] audit: initializing netlink subsys (disabled)
[   10.426734] audit: type=2000 audit(1493635858.074:1): initialized
[   10.430902] Initialise system trusted keyring
[   10.434554] HugeTLB registered 2 MB page size, pre-allocated 0 pages
[   10.439721] zbud: loaded
[   10.441529] VFS: Disk quotas dquot_6.6.0
[   10.443290] VFS: Dquot-cache hash table entries: 512 (order 0, 4096 bytes)
[   10.444503] squashfs: version 4.0 (2009/01/31) Phillip Lougher
[   10.486621] fuse init (API version 7.23)
[   10.492904] Key type big_key registered
[   10.494636] Allocating IMA MOK and blacklist keyrings.
[   10.496244] Key type asymmetric registered
[   10.498004] Asymmetric key parser 'x509' registered
[   10.498820] Block layer SCSI generic (bsg) driver version 0.4 loaded (major 249)
[   10.500101] io scheduler noop registered
[   10.502181] io scheduler deadline registered (default)
[   10.502998] io scheduler cfq registered
[   10.503721] pci_hotplug: PCI Hot Plug PCI Core version: 0.5
[   10.506528] pciehp: PCI Express Hot Plug Controller Driver version: 0.4
[   10.507571] ACPI: AC Adapter [AC] (on-line)
[   10.510422] input: Power Button as /devices/LNXSYSTM:00/LNXPWRBN:00/input/input0
[   10.511684] ACPI: Power Button [PWRF]
[   10.512327] input: Sleep Button as /devices/LNXSYSTM:00/LNXSLPBN:00/input/input1
[   10.513564] ACPI: Sleep Button [SLPF]
[   10.514452] GHES: HEST is not enabled!
[   10.514940] ACPI: Battery Slot [BAT0] (battery present)
[   10.517164] Serial: 8250/16550 driver, 32 ports, IRQ sharing enabled
[   10.615522] 00:02: ttyS0 at I/O 0x3f8 (irq = 4, base_baud = 115200) is a 16550A
[   10.692429] Linux agpgart interface v0.103
[   10.695720] loop: module loaded
[   10.698758] scsi host0: ata_piix
[   10.702493] scsi host1: ata_piix
[   10.704191] ata1: PATA max UDMA/33 cmd 0x1f0 ctl 0x3f6 bmdma 0xd000 irq 14
[   10.705173] ata2: PATA max UDMA/33 cmd 0x170 ctl 0x376 bmdma 0xd008 irq 15
[   10.707587] libphy: Fixed MDIO Bus: probed
[   10.713580] tun: Universal TUN/TAP device driver, 1.6
[   10.714420] tun: (C) 1999-2004 Max Krasnyansky <maxk@qualcomm.com>
[   10.718630] PPP generic driver version 2.4.2
[   10.722543] ehci_hcd: USB 2.0 'Enhanced' Host Controller (EHCI) Driver
[   10.806650] ehci-pci: EHCI PCI platform driver
[   10.809833] ehci-platform: EHCI generic platform driver
[   10.814471] ohci_hcd: USB 1.1 'Open' Host Controller (OHCI) Driver
[   10.818570] ohci-pci: OHCI PCI platform driver
[   10.819312] ohci-platform: OHCI generic platform driver
[   10.820108] uhci_hcd: USB Universal Host Controller Interface driver
[   10.821061] i8042: PNP: PS/2 Controller [PNP0303:PS2K,PNP0f03:PS2M] at 0x60,0x64 irq 1,12
[   10.822750] serio: i8042 KBD port at 0x60,0x64 irq 1
[   10.824910] serio: i8042 AUX port at 0x60,0x64 irq 12
[   10.825891] mousedev: PS/2 mouse device common for all mice
[   10.902658] input: AT Translated Set 2 keyboard as /devices/platform/i8042/serio0/input/input2
[   10.904278] rtc_cmos rtc_cmos: rtc core: registered rtc_cmos as rtc0
[   10.905258] rtc_cmos rtc_cmos: alarms up to one day, 114 bytes nvram
[   10.906182] i2c /dev entries driver
[   10.906835] device-mapper: uevent: version 1.0.3
[   10.907697] device-mapper: ioctl: 4.34.0-ioctl (2015-10-28) initialised: dm-devel@redhat.com
[   10.909016] ledtrig-cpu: registered to indicate activity on CPUs
[   10.910368] NET: Registered protocol family 10
[   10.911203] NET: Registered protocol family 17
[   10.911854] Key type dns_resolver registered
[   10.912634] microcode: CPU0 sig=0x306c3, pf=0x40, revision=0x0
[   10.913438] microcode: CPU1 sig=0x306c3, pf=0x40, revision=0x0
[   10.914280] microcode: Microcode Update Driver: v2.01 <tigran@aivazian.fsnet.co.uk>, Peter Oruba
[   10.915814] registered taskstats version 1
[   10.916424] Loading compiled-in X.509 certificates
[   10.917657] Loaded X.509 cert 'Build time autogenerated kernel key: c2fea74804032151001b764dbf9eab8df960fa59'
[   10.919010] zswap: loaded using pool lzo/zbud
[   10.921004] Key type trusted registered
[   10.924441] Key type encrypted registered
[   10.925235] AppArmor: AppArmor sha1 policy hashing enabled
[   10.926197] ima: No TPM chip found, activating TPM-bypass!
[   10.926948] evm: HMAC attrs: 0x1
[   10.927711]   Magic number: 1:913:829
[   10.928350] rtc_cmos rtc_cmos: setting system clock to 2017-05-01 10:50:59 UTC (1493635859)
[   10.929620] BIOS EDD facility v0.16 2004-Jun-25, 0 devices found
[   10.930423] EDD information not available.
[   10.932060] Freeing unused kernel memory: 1484K (ffffffff81f45000 - ffffffff820b8000)
[   10.934763] Write protecting the kernel read-only data: 14336k
[   10.936062] Freeing unused kernel memory: 1780K (ffff880001843000 - ffff880001a00000)
[   11.518559] tsc: Refined TSC clocksource calibration: 2494.828 MHz
[   11.748354] clocksource: tsc: mask: 0xffffffffffffffff max_cycles: 0x23f62405faa, max_idle_ns: 440795320230 ns
[   12.461953] Freeing unused kernel memory: 116K (ffff880001de3000 - ffff880001e00000)
Loading, please wait...
starting version[   12.475808] random: systemd-udevd: uninitialized urandom read (16 bytes read, 3 bits of entropy available)
 229
[   12.476314] random: udevadm: uninitialized urandom read (16 bytes read, 3 bits of entropy available)
[   12.476345] random: udevadm: uninitialized urandom read (16 bytes read, 3 bits of entropy available)
[   12.476437] random: udevadm: uninitialized urandom read (16 bytes read, 3 bits of entropy available)
[   12.476471] random: udevadm: uninitialized urandom read (16 bytes read, 3 bits of entropy available)
[   12.476503] random: udevadm: uninitialized urandom read (16 bytes read, 3 bits of entropy available)
[   12.476537] random: udevadm: uninitialized urandom read (16 bytes read, 3 bits of entropy available)
[   12.476567] random: udevadm: uninitialized urandom read (16 bytes read, 3 bits of entropy available)
[   12.476620] random: udevadm: uninitialized urandom read (16 bytes read, 3 bits of entropy available)
[   12.476654] random: udevadm: uninitialized urandom read (16 bytes read, 3 bits of entropy available)
[   14.563020] e1000: Intel(R) PRO/1000 Network Driver - version 7.3.21-k8-NAPI
[   15.389751] e1000: Copyright (c) 1999-2006 Intel Corporation.
[   15.585435] Fusion MPT base driver 3.04.20
[   15.590637] Copyright (c) 1999-2008 LSI Corporation
[   15.599418] Fusion MPT SPI Host driver 3.04.20
[   16.111548] AVX version of gcm_enc/dec engaged.
[   16.523630] AES CTR mode by8 optimization enabled
[   16.955606] input: ImExPS/2 Generic Explorer Mouse as /devices/platform/i8042/serio1/input/input4
[   17.028165] e1000 0000:00:03.0 eth0: (PCI:33MHz:32-bit) 02:4d:f4:3e:aa:ef
[   17.028168] e1000 0000:00:03.0 eth0: Intel(R) PRO/1000 Network Connection
[   17.905049] e1000 0000:00:08.0 eth1: (PCI:33MHz:32-bit) 08:00:27:50:58:3d
[   18.376032] e1000 0000:00:08.0 eth1: Intel(R) PRO/1000 Network Connection
[   18.473123] e1000 0000:00:03.0 enp0s3: renamed from eth0
[   18.480908] mptbase: ioc0: Initiating bringup
[   18.801775] floppy0: no floppy controllers found
[   18.801818] work still pending
[   19.510303] e1000 0000:00:08.0 enp0s8: renamed from eth1
[   20.598055] ioc0: LSI53C1030 A0: Capabilities={Initiator}
[   20.918947] scsi host2: ioc0: LSI53C1030 A0, FwRev=00000000h, Ports=1, MaxQ=256, IRQ=20
[   21.038467] scsi 2:0:0:0: Direct-Access     VBOX     HARDDISK         1.0  PQ: 0 ANSI: 5
[   22.403704] scsi target2:0:0: Beginning Domain Validation
[   22.427537] scsi target2:0:0: Domain Validation skipping write tests
[   22.428367] scsi target2:0:0: Ending Domain Validation
[   22.495734] scsi target2:0:0: asynchronous
[   22.934649] scsi 2:0:1:0: Direct-Access     VBOX     HARDDISK         1.0  PQ: 0 ANSI: 5
[   24.179074] scsi target2:0:1: Beginning Domain Validation
[   24.180672] scsi target2:0:1: Domain Validation skipping write tests
[   24.181521] scsi target2:0:1: Ending Domain Validation
[   24.182341] scsi target2:0:1: asynchronous
[   24.187692] sd 2:0:0:0: [sda] 20971520 512-byte logical blocks: (10.7 GB/10.0 GiB)
[   24.194677] sd 2:0:0:0: Attached scsi generic sg0 type 0
[   25.537104] sd 2:0:1:0: [sdb] 20480 512-byte logical blocks: (10.5 MB/10.0 MiB)
[   25.537121] sd 2:0:1:0: Attached scsi generic sg1 type 0
[   25.537311] sd 2:0:1:0: [sdb] Write Protect is off
[   25.537519] sd 2:0:1:0: [sdb] Incomplete mode parameter data
[   25.537520] sd 2:0:1:0: [sdb] Assuming drive cache: write through
[   25.539470] sd 2:0:1:0: [sdb] Attached SCSI disk
[   25.760870] sd 2:0:0:0: [sda] Write Protect is off
[   26.704413] sd 2:0:0:0: [sda] Incomplete mode parameter data
[   27.744040] sd 2:0:0:0: [sda] Assuming drive cache: write through
[   27.746098]  sda: sda1
[   27.747360] sd 2:0:0:0: [sda] Attached SCSI disk
Begin: Loading e[   29.340639] md: linear personality registered for level -1
ssential drivers ... [   30.363883] md: multipath personality registered for level -4
[   30.575730] md: raid0 personality registered for level 0
[   30.600722] md: raid1 personality registered for level 1
[   30.774775] raid6: sse2x1   gen()  5145 MB/s
[   30.984584] raid6: sse2x1   xor()  3474 MB/s
[   31.089592] raid6: sse2x2   gen()  6658 MB/s
[   31.194512] raid6: sse2x2   xor()  3500 MB/s
[   31.299678] raid6: sse2x4   gen()  7329 MB/s
[   31.404807] raid6: sse2x4   xor()  3976 MB/s
[   31.645301] raid6: using algorithm sse2x4 gen() 7329 MB/s
[   32.770019] raid6: .... xor() 3976 MB/s, rmw enabled
[   33.810163] raid6: using ssse3x2 recovery algorithm
[   34.784994] xor: automatically using best checksumming function:
[   34.993658]    avx       : 66055.000 MB/sec
[   35.285162] async_tx: api initialized (async)
[   35.299668] md: raid6 personality registered for level 6
[   35.304088] md: raid5 personality registered for level 5
[   35.304826] md: raid4 personality registered for level 4
[   35.310171] md: raid10 personality registered for level 10
done.
Begin: Running /scripts/init-premount ... done.
Begin: Mounting root file system ... Begin: Running /scripts/local-top ... done.
Begin: Running[   35.395203] Btrfs loaded
 /scripts/local-premount ... Scanning for Btrfs [   35.513212] EXT4-fs (sda1): mounted filesystem with ordered data mode. Opts: (null)
filesystems
done.
Warning: fsck not present, so skipping root file system
done.
Begin: Running /scripts/local-bottom ... done.
Begin: Running /scripts/init-bottom ... done.
[   36.066829] systemd[1]: systemd 229 running in systmm mode. (+PA  +AUDIT +SELNNUX +IMA AAPPARMOR SSMAC  +SYSVINIT +UTMP +LIBCYYPTSETUP +GCRYPT +GNUTLS +ACL +XZ -LZ4 +SECCOMP +BLKID +ELFUTILS +KMOD -IDN)
[   38.215131] systemd[1]: Detected virtualization oracle.
[   38.215883] systemd[1]: Detected architecture x86-64.

Welcome to [1mUbuntu 16.04.2 LTS[0m!

[   38.219404] systemd[1]: Set hostname to <ubuntu>.
[   38.222016] systemd[1]: Initializing machine ID from random generator.
[   38.223166] systemd[1]: Installed transient /etc/machine-id file.
[   38.411146] systemd[1]: Listening on Journal Socket.
[[0;32m  OK  [0m] Listening on Journal Socket.
[   38.744102] systemd[1]: Started Forward Password Requests to Wall Directory Watch.
[[0;32m  OK  [0m] Started Forward Password Requests to Wall Directory Watch.
[   39.133885] systemd[1]: Reached target User and Group Name Lookups.
[[0;32m  OK  [0m] Reached target User and Group Name Lookups.
[   39.144930] systemd[1]: Listening on LVM2 metadata daemon socket.
[[0;32m  OK  [0m] Listening on LVM2 metadata daemon socket.
[   39.146705] systemd[1]: Listening on Device-mapper event daemon FIFOs.
[[0;32m  OK  [0m] Listening on Device-mapper event daemon FIFOs.
[   39.149465] systemd[1]: Listening on /dev/initctl Compatibility Named Pipe.
[[0;32m  OK  [0m] Listening on /dev/initctl Compatibility Named Pipe.
[   39.151337] systemd[1]: Listening on LVM2 poll daemon socket.
[[0;32m  OK  [0m] Listening on LVM2 poll daemon socket.
[   39.185943] systemd[1]: Started Trigger resolvconf update for networkd DNS.
[[0;32m  OK  [0m] Started Trigger resolvconf update for networkd DNS.
[   39.707232] systemd[1]: Listening on udev Kernel Socket.
[[0;32m  OK  [0m] Listening on udev Kernel Socket.
[   40.098327] systemd[1]: Created slice User and Session Slice.
[[0;32m  OK  [0m] Created slice User and Session Slice.
[   40.382217] systemd[1]: Created slice System Slice.
[[0;32m  OK  [0m] Created slice System Slice.
[   40.718047] systemd[1]: Starting Create list of required static device nodes for the current kernel...
         Starting Create list of required st... nodes for the current kernel...
[   41.377929] systemd[1]: Starting Set console keymap...
[   41.708263] random: nonblocking pool is initialized
         Starting Set console keymap...
[   41.741987] systemd[1]: Reached target Slices.
[[0;32m  OK  [0m] Reached target Slices.
[   42.013896] systemd[1]: Starting Monitoring of LVM2 mirrors, snapshots etc. using dmeventd or progress polling...
         Starting Monitoring of LVM2 mirrors... dmeventd or progress polling...
[   42.269940] systemd[1]: Starting Load Kernel Modules...
         Starting Load Ke[   42.291819] Loading iSCSI transport class v2.0-870.
rnel Modules...
[   42.454894] systemd[1]: Mounting POSIX Message Queue File System...
         [   42.842328] iscsi: registered transport (tcp)
Mounting POSIX Message Queue File System...
[   43.392449] systemd[1]: Listening on Journal Audit Socket.
[[0;32m  OK  [0m] Listening on Journal Audit So[   43.602712] iscsi: registered transport (iser)
cket.
[   43.707056] systemd[1]: Mounting Debug File System...
         Mounting Debug File System...
[   43.718527] systemd[1]: Created slice system-serial\x2dgetty.slice.
[[0;32m  OK  [0m] Created slice system-serial\x2dgetty.slice.
[   43.720450] systemd[1]: Listening on udev Control Socket.
[[0;32m  OK  [0m] Listening on udev Control Socket.
[   43.722019] systemd[1]: Reached target Encrypted Volumes.
[[0;32m  OK  [0m] Reached target Encrypted Volumes.
[   43.723603] systemd[1]: Listening on Syslog Socket.
[[0;32m  OK  [0m] Listening on Syslog Socket.
[   43.727297] systemd[1]: Set up automount Arbitrary Executable File Formats File System Automount Point.
[[0;32m  OK  [0m] Set up automount Arbitrary Executab...ats File System Automount Point.
[   43.730994] systemd[1]: Listening on Journal Socket (/dev/log).
[[0;32m  OK  [0m] Listening on Journal Socket (/dev/log).
[   44.158058] systemd[1]: Starting Journal Service...
         Starting Journal Service...
[   44.396580] systemd[1]: Starting Remount Root and Kernel File Systems...
         Starting Remount Root and Kernel File Systems...
[   44.400390] EXT4-fs (sda1): re-mounted. Opts: (null)
[   44.400462] systemd[1]: Starting Nameserver information manager...
         Starting Nameserver information manager...
[   44.417938] systemd[1]: ttarting Uccomplicated firewall...
         Starting Uncomplicated firewall...
[   45.345281] systemd[1]: Mounting Huge Pages File System...
         Mounting Huge Pages File System...
[   45.346654] systemd[1]: Reached target Swap.
[[0;32m  OK  [0m] Reached target Swap.
[   45.382515] systemd[1]: Mounted Huge Pages File System.
[[0;32m  OK  [0m] Mounted Huge Pages File System.
[   45.417977] ssstemd[1]: Mounted POSIX Message Queue File System.
[[0;32m  OK  [0m] Mounted POSIX Message Queue File System.
[   45.775114] systemd[1]: Mounted Debug File System.
[[0;32m  OK  [0m] Mounted Debug File System.
[   45.776511] systemd[1]: Started Journal Service.
[[0;32m  OK  [0m] Started Journal Service.
[[0;32m  OK  [0m] Started Create list of required sta...ce nodes for the current kernel.
[[0;32m  OK  [0m] Started Set console keymap.
[[0;32m  OK  [0m] Started Load Kernel Modules.
[[0;32m  OK  [0m] Started Remount Root and Kernel File Systems.
[[0;32m  OK  [0m] Started Uncomplicated firewall.
[[0;32m  OK  [0m] Started Nameserver information manager.
[[0;32m  OK  [0m] Started LVM2 metadata daemon.
         Starting Load/Save Random Seed...
         Starting Initial cloud-init job (pre-networking)...
         Starting udev Coldplug all Devices...
         Starting Apply Kernel Variables...
         Mounting FUSE Control File System...
         Starting Create Static Device Nodes in /dev...
         Starting Flush Journal to Persistent Storage...
[[0;32m  OK  [0m] Mounted FUSE Control File System.
[[0;32m  OK  [0m] Started Load/Save Random Seed.
[[0;32m  OK  [0m] Started Monitoring of LVM2 mirrors,...ng dmeventd or progress polling.
[[0;32m  OK  [0m] Started Apply Kernel Variables.
[[0;32m  OK  [0m] Started Create Static Device Nodes in /dev.
[[0;32m  OK  [0m] Started udev Coldplug all Devices.
         Starting udev Kernel Device Manager...
[[0;32m  OK  [0m] Started udev Kernel Device Manager.
[[0;32m  OK  [0m] Started Flush Journal to Persistent Storage.
[[0;32m  OK  [0m] Started Dispatch Password Requests to Console Directory Watch.
[[0;32m  OK  [0m] Reached target Local File Systems (Pre).
[[0;32m  OK  [0m] Reached target Local File Systems.
         Starting Commit a transient machine-id on disk...
         Starting Set console font and keymap...
         Starting Create Volatile Files and Directories...
         Starting Tell Plymouth To Write Out Runtime Data...
         Starting LSB: AppArmor initialization...
[[0;32m  OK  [0m] Started Commit a transient machine-id on disk.
[[0;32m  OK  [0m] Started Create Volatile Files and Directories.
[   41.652073] cloud-init[448]: Cloud-init v. 0.7.9 running 'init-local' at Mon, 01 May 2017 10:51:35 +0000. Up 40.63 seconds.
[[0;32m  OK  [0m] Started Tell Plymouth To Write Out Runtime Data.
[[0;32m  OK  [0m] Started Initial cloud-init job (pre-networking).
[[0;32m  OK  [0m] Found device /dev/ttyS0.
[[0;32m  OK  [0m] Listening on Load/Save RF Kill Switch Status /dev/rfkill Watch.
[[0;32m  OK  [0m] Reached target Network (Pre).
[[0;32m  OK  [0m] Reached target System Time Synchronized.
         Starting Update UTMP about System Boot/Shutdown...
[[0;32m  OK  [0m] Started Set console font and keymap.
[[0;32m  OK  [0m] Started Update UTMP about System Boot/Shutdown.
[[0;32m  OK  [0m] Created slice system-getty.slice.
[[0;32m  OK  [0m] Started LSB: AppArmor initialization.
         Starting Raise network interfaces...
[[0;32m  OK  [0m] Started Raise network interfaces.
[[0;32m  OK  [0m] Reached target Network.
         Starting Initial cloud-init job (metadata service crawler)...
[   46.312875] cloud-init[948]: Cloud-init v. 0.7.9 running 'init' at Mon, 01 May 2017 10:51:39 +0000. Up 44.56 seconds.
[   46.340514] cloud-init[948]: ci-info: ++++++++++++++++++++++++++++++++++++++Net device info++++++++++++++++++++++++++++++++++++++
[[0;32m  OK  [0m] Started Initial cloud-init job (metadata service crawler).
[[0;32m  OK  [0m] Reached target Network is Online.
[   46.474162] cloud-init[948]: ci-info: +--------+-------+----------------------------+---------------+-------+-------------------+
[   46.644242] cloud-init[948]: ci-info: | Device |   Up  |          Address           |      Mask     | Scope |     Hw-Address    |
[   46.644489] cloud-init[948]: ci-info: +--------+-------+----------------------------+---------------+-------+-------------------+
         Starting iSCSI initiator daemon (iscsid)...
[[   46.644579] cloud-init[948]: ci-info: | enp0s8 | False |             .              |       .       |   .   | 08:00:27:50:58:3d |
[   46.665768] cloud-init[948]: ci-info: |   lo   |  True |         127.0.0.1          |   255.0.0.0   |   .   |         .         |
[   46.665877] cloud-init[948]: ci-info: |   lo   |  True |          ::1/128           |       .       |  host |         .         |
[0;32m  OK  [0m] Reached target Cloud-config availability.
[[   46.665996] cloud-init[948]: ci-info: | enp0s3 |  True |         10.0.2.15          | 255.255.255.0 |   .   | 02:4d:f4:3e:aa:ef |
[   46.708788] cloud-init[948]: ci-info: | enp0s3 |  True | fe80::4d:f4ff:fe3e:aaef/64 |       .       |  link | 02:4d:f4:3e:aa:ef |
[0;32m  OK  [0m] Reached target System Initialization.
[[   46.708856] cloud-init[948]: ci-info: +--------+-------+----------------------------+---------------+-------+-------------------+
[   46.920795] cloud-init[948]: ci-info: +++++++++++++++++++++++++++Route IPv4 info++++++++++++++++++++++++++++
[0;32m  OK  [0m] Started Daily Cleanup of Temporary Directories.
[[   46.920857] cloud-init[948]: ci-info: +-------+-------------+----------+---------------+-----------+-------+
[   47.120739] cloud-init[948]: ci-info: | Route | Destination | Gateway  |    Genmask    | Interface | Flags |
[0;32m  OK  [0m] Listening on D-Bus System Message Bus Socket.
[[   47.120803] cloud-init[948]: ci-info: +-------+-------------+----------+---------------+-----------+-------+
[   47.312640] cloud-init[948]: ci-info: |   0   |   0.0.0.0   | 10.0.2.2 |    0.0.0.0    |   enp0s3  |   UG  |
[0;32m  OK  [0m] Started Daily apt activities.
[[   47.312700] cloud-init[948]: ci-info: |   1   |   10.0.2.0  | 0.0.0.0  | 255.255.255.0 |   enp0s3  |   U   |
[   47.399478] cloud-init[948]: ci-info: +-------+-------------+----------+---------------+-----------+-------+
[0;32m  OK  [0m] Listening on UUID daemon activation socket.
[   47.399808] cloud-init[948]: Generating public/private rsa key pair.
[   47.415908] cloud-init[948]: Your identification has been saved in /etc/ssh/ssh_host_rsa_key.
[   47.417858] cloud-init[948]: Your public key has been saved in /etc/ssh/ssh_host_rsa_key.pub.
[   47.418166] cloud-init[948]: The key fingerprint is:
[   47.418312] cloud-init[948]: SHA256:SXeHccKqhZuxc0/KHlz7jVP6quh/jBKzULFm1RMzKxI root@ubuntu-xenial
[   47.418462] cloud-init[948]: The key's randomart image is:
[   47.418609] cloud-init[948]: +---[RSA 2048]----+
[   47.418758] cloud-init[948]: |          E.o.=. |
[   47.418906] cloud-init[948]: |          ..o=o+ |
[   47.419214] cloud-init[948]: |        ..o=+ o. |
[   47.419362] cloud-init[948]: |       .ooBo o   |
[   47.419524] cloud-init[948]: |        S@  .    |
[   47.419664] cloud-init[948]: |        B.+...  .|
[   47.419808] cloud-init[948]: |         =oB.o o |
[   47.419962] cloud-init[948]: |          =oo.=o |
[   47.420254] cloud-init[948]: |         o+ooo++o|
[   47.420444] cloud-init[948]: +----[SHA256]-----+
[   47.420590] cloud-init[948]: Generating public/private dsa key pair.
[   47.420742] cloud-init[948]: Your identification has been saved in /etc/ssh/ssh_host_dsa_key.
[   47.420892] cloud-init[948]: Your public key has been saved in /etc/ssh/ssh_host_dsa_key.pub.
[   47.421056] cloud-init[948]: The key fingerprint is:
[   47.421206] cloud-init[948]: SHA256:ZKqK9p/pecDxODtth7NBydlB1Z3DWhF5MMr7Vhtm6L4 root@ubuntu-xenial
[   47.421354] cloud-init[948]: The key's randomart image is:
[   47.421503] cloud-init[948]: +---[DSA 1024]----+
[   47.421654] cloud-init[948]: |         .... =+=|
[   47.421804] cloud-init[948]: |        .  . o O.|
[   47.421965] cloud-init[948]: |        o.  o o o|
[   47.422113] cloud-init[948]: |     ..++ .  o.  |
[   47.422262] cloud-init[948]: |    . ==S.  .. +.|
[   47.422413] cloud-init[948]: |     *..    ..o.o|
[   47.422567] cloud-init[948]: |    . =..    .o. |
[   47.422716] cloud-init[948]: | o . o+*..  ..   |
[   47.422863] cloud-init[948]: |o o.o*+.+    E.  |
[   47.423025] cloud-init[948]: +----[SHA256]-----+
[   47.423171] cloud-init[948]: Generating public/private ecdsa key pair.
[   47.423321] cloud-init[948]: Your identification has been saved in /etc/ssh/ssh_host_ecdsa_key.
[   47.423472] cloud-init[948]: Your public key has been saved in /etc/ssh/ssh_host_ecdsa_key.pub.
[   47.423621] cloud-init[948]: The key fingerprint is:
[   47.423770] cloud-init[948]: SHA256:xrCNxq562UXJ2rbXS+69Ofkg3TIjfE3XRKdAODalD5Y root@ubuntu-xenial
[   47.423922] cloud-init[948]: The key's randomart image is:
[   47.424235] cloud-init[948]: +---[ECDSA 256]---+
[   47.424383] cloud-init[948]: |           ++   o|
         Starting LXD - unix socket.
[   47.424535] cloud-init[948]: |          =o . o.|
[   47.440556] cloud-init[948]: |      .. oEo  . .|
[   47.440856] cloud-init[948]: |     . *+. o   ..|
[   47.441014] cloud-init[948]: |      =+S   .   +|
[   47.441154] cloud-init[948]: |     o..+  . . +.|
[   47.441299] cloud-init[948]: |     o.o . .= B.o|
[   47.441445] cloud-init[948]: |    o.. . .o.=o* |
[   47.441591] cloud-init[948]: |  .o.    . .+.++.|
[   47.441737] cloud-init[948]: +----[SHA256]-----+
[   47.441882] cloud-init[948]: Generating public/private ed25519 key pair.
[   47.442038] cloud-init[948]: Your identification has been saved in /etc/ssh/ssh_host_ed25519_key.
[   47.442181] cloud-init[948]: Your public key has been saved in /etc/ssh/ssh_host_ed25519_key.pub.
[   47.442330] cloud-init[948]: The key fingerprint is:
[   47.442472] cloud-init[948]: SHA256:Frz3x9k1HrXa7SH2X0Aj8sY4efdFWRwDLbMnriPvJQo root@ubuntu-xenial
[   47.442619] cloud-init[948]: The key's randomart image is:
[   47.442765] cloud-init[948]: +--[ED25519 256]--+
[   47.442910] cloud-init[948]: |             .o+o|
[   47.443079] cloud-init[948]: |       .     o .=|
[   47.443216] cloud-init[948]: |        o . . *.o|
[   47.443357] cloud-init[948]: |         o * = +o|
[   47.443498] cloud-init[948]: |        S = * =+o|
[   47.443638] cloud-init[948]: |       . . = ++=*|
[   47.443780] cloud-init[948]: |       E   .o=++=|
[   47.443929] cloud-init[948]: |        ...o+.o.o|
[   47.444471] cloud-init[948]: |         .+o.  .+|
[   47.444646] cloud-init[948]: +----[SHA256]-----+
[[0;32m  OK  [0m] Listening on ACPID Listen Socket.
[[0;32m  OK  [0m] Started Timer to automatically refresh installed snaps.
[[0;32m  OK  [0m] Reached target Timers.
         Starting Socket activation for snappy daemon.
[[0;32m  OK  [0m] Started ACPI Events Check.
[[0;32m  OK  [0m] Reached target Paths.
[[0;32m  OK  [0m] Listening on LXD - unix socket.
[[0;32m  OK  [0m] Listening on Socket activation for snappy daemon.
[[0;32m  OK  [0m] Started iSCSI initiator daemon (iscsid).
         Starting Login to default iSCSI targets...
[[0;32m  OK  [0m] Reached target Sockets.
[[0;32m  OK  [0m] Reached target Basic System.
         Starting LSB: MD monitoring daemon...
[[0;32m  OK  [0m] Started ACPI event daemon.
         Starting LSB: Record successful boot for GRUB...
[[0;32m  OK  [0m] Started Regular background program processing daemon.
         Starting Pollinate to seed the pseudo random number generator...
         Starting System Logging Service...
[[0;32m  OK  [0m] Started Snappy daemon.
         Starting Auto import assertions from block devices...
[[0;32m  OK  [0m] Started Deferred execution scheduler.
[[0;32m  OK  [0m] Started D-Bus System Message Bus.
         Starting Apply the settings specified in cloud-config...
         Starting Login Service...
[[0;32m  OK  [0m] Started FUSE filesystem for LXC.
         Starting Accounts Service...
         Starting /etc/rc.local Compatibility...
         Starting LXD - container startup/shutdown...
[[0;32m  OK  [0m] Started System Logging Service.
[[0;32m  OK  [0m] Started Auto import assertions from block devices.
[[0;32m  OK  [0m] Started /etc/rc.local Compatibility.
[[0;32m  OK  [0m] Started LXD - container startup/shutdown.
[[0;32m  OK  [0m] Started Login to default iSCSI targets.
[[0;32m  OK  [0m] Started LSB: MD monitoring daemon.
[[0;32m  OK  [0m] Started LSB: Record successful boot for GRUB.
[[0;32m  OK  [0m] Started Login Service.
         Starting Authenticate and Authorize Users to Run Privileged Tasks...
[   48.692372] [[0;32m  OK  [0m] Reached target Remote File Systems (Pre).
[[0;32m  OK  [0m] Reached target Remote File Systems.
cloud-init[1124]: Generating locales (this might take a while)...
         Starting LSB: automatic crash report generation...
         Starting LSB: VirtualBox Linux Additions...
         Starting LSB: daemon to balance interrupts for SMP systems...
         Starting LSB: Set the CPU Frequency Scaling governor to "ondemand"...
         Starting Permit User Sessions...
[[0;32m  OK  [0m] Started Permit User Sessions.
[[0;32m  OK  [0m] Started Authenticate and Authorize Users to Run Privileged Tasks.
[[0;32m  OK  [0m] Started Accounts Service.
         Starting Terminate Plymouth Boot Screen...
         Starting Hold until boot process finishes up...
[[0;32m  OK  [0m] Started LSB: automatic crash report generation.
[[0;32m  OK  [0m] Started LSB: VirtualBox Linux Additions.
[[0;32m  OK  [0m] Started LSB: daemon to balance interrupts for SMP systems.
[[0;32m  OK  [0m] Started Terminate Plymouth Boot Screen.
[[0;32m  OK  [0m] Started Hold until boot process finishes up.
[[0;32m  OK  [0m] Started LSB: Set the CPU Frequency Scaling governor to "ondemand".
[[0;32m  OK  [0m] Started Getty on tty1.
[[0;32m  OK  [0m] Started Serial Getty on ttyS0.
[[0;32m  OK  [0m] Reached target Login Prompts.
         Starting Set console scheme...
[[0;32m  OK  [0m] Started Set console scheme.
[   50.535064] cloud-init[1124]:   en_US.UTF-8... done
[[   50.647415] cloud-init[1124]: Generation complete.
[0;32m  OK  [0m] Stopped OpenBSD Secure Shell server.
         Starting OpenBSD Secure Shell server...
[[0;32m  OK  [0m] Started OpenBSD Secure Shell server.
[[0;32m  OK  [0m] Created slice User Slice of ubuntu.
         Starting User Manager for UID 1000...
[[0;32m  OK  [0m] Started User Manager for UID 1000.
[[0;32m  OK  [0m] Started Session 1 of user ubuntu.
[   51.234849] cloud-init[1124]: Cloud-init v. 0.7.9 running 'modules:config' at Mon, 01 May 2017 10:51:43 +0000. Up 48.47 seconds.
[[0;32m  OK  [0m] Started Apply the settings specified in cloud-config.
[[0;32m  OK  [0m] Started Pollinate to seed the pseudo random number generator.
[[0;32m  OK  [0m] Reached target Multi-User System.
[[0;32m  OK  [0m] Reached target Graphical Interface.
         Starting Update UTMP about System Runlevel Changes...
         Starting Execute cloud user/final scripts...
[[0;32m  OK  [0m] Started Update UTMP about System Runlevel Changes.
ci-info: no authorized ssh keys fingerprints found for user ubuntu.
<14>May  1 10:51:48 ec2: 
<14>May  1 10:51:48 ec2: #############################################################
<14>May  1 10:51:48 ec2: -----BEGIN SSH HOST KEY FINGERPRINTS-----
<14>May  1 10:51:48 ec2: 1024 SHA256:ZKqK9p/pecDxODtth7NBydlB1Z3DWhF5MMr7Vhtm6L4 root@ubuntu-xenial (DSA)
<14>May  1 10:51:48 ec2: 256 SHA256:xrCNxq562UXJ2rbXS+69Ofkg3TIjfE3XRKdAODalD5Y root@ubuntu-xenial (ECDSA)
<14>May  1 10:51:48 ec2: 256 SHA256:Frz3x9k1HrXa7SH2X0Aj8sY4efdFWRwDLbMnriPvJQo root@ubuntu-xenial (ED25519)
<14>May  1 10:51:48 ec2: 2048 SHA256:SXeHccKqhZuxc0/KHlz7jVP6quh/jBKzULFm1RMzKxI root@ubuntu-xenial (RSA)
<14>May  1 10:51:48 ec2: -----END SSH HOST KEY FINGERPRINTS-----
<14>May  1 10:51:48 ec2: #############################################################
-----BEGIN SSH HOST KEY KEYS-----
ecdsa-sha2-nistp256 AAAAE2VjZHNhLXNoYTItbmlzdHAyNTYAAAAIbmlzdHAyNTYAAABBBG62gNUheL0YnwI8GvNpIW9mAejbF7YuAESNMtlsOH23XuEd699bgukLoYrX6nOBbiwv7Wdeh5t0CiEu6OJEd8U= root@ubuntu-xenial
ssh-ed25519 AAAAC3NzaC1lZDI1NTE5AAAAICC3XmYN5ALQcEmJ6fmLfHzTTmBEZ/Mo4FjTad5g24JO root@ubuntu-xenial
ssh-rsa AAAAB3NzaC1yc2EAAAADAQABAAABAQDD7Z767CQvCNrnASOBLw8uWM59zCY00T6JLl0XDwiSXgYKecmMhUH4lMFNe0znNpz2S7XLPHQIjcrDmHAP2ptE9S70gGEhhJftP2rmoSDvSnxST1nU2dQFTCHSYKNqRkgFN9sgonm9SomTLrEo4x9LT1VgP9l2xMTuEhNBn9C9wOF8BMXnhZ2hQve3n0LByq1FfHmsUfFI/1a5u29f1odosUClxwGdGgkMFunWwQViRh4hYWk5un9wZ9DOKrujmpBuATfyqNsKxkUy+D6UmfknKZziATHE8vN/0mboSlvxOQPNOoT8U4flrQK0FgOcdTBHvUs0n7vrF1a5Plp9HGdB root@ubuntu-xenial
-----END SSH HOST KEY KEYS-----
[   53.916964] cloud-init[1375]: Cloud-init v. 0.7.9 running 'modules:final' at Mon, 01 May 2017 10:51:47 +0000. Up 52.48 seconds.
[   54.224600] [cloud-init[0;32m  OK  [0m[1375]: ] ci-info: no authorized ssh keys fingerprints found for user ubuntu.Started Execute cloud user/final scripts.

[   54.224891] cloud-init[1375]: Cloud-init v. 0.7.9 finished at Mon, 01 May 2017 10:51:49 +0000. Datasource DataSourceNoCloud [seed=/dev/sdb][dsmode=net].  Up 53.84 seconds
[[0;32m  OK  [0m] Reached target Cloud-init target.

Ubuntu 16.04.2 LTS ubuntu-xenial ttyS0

ubuntu-xenial login: 